<?xml version="1.0" encoding="UTF-8"?>
<testng-results ignored="3" total="13" passed="9" failed="1" skipped="0">
  <reporter-output>
  </reporter-output>
  <suite started-at="2022-08-16T22:33:04 IST" name="Loan Department" finished-at="2022-08-16T22:33:04 IST" duration-ms="60">
    <groups>
      <group name="smoke">
        <method signature="Day2.pLoan()[pri:0, instance:testPackage.Day2@10163d6]" name="pLoan" class="testPackage.Day2"/>
        <method signature="Day4.mobileLoginHomeLoan()[pri:0, instance:testPackage.Day4@193f604a]" name="mobileLoginHomeLoan" class="testPackage.Day4"/>
      </group> <!-- smoke -->
    </groups>
    <test started-at="2022-08-16T22:33:04 IST" name="Car Loan" finished-at="2022-08-16T22:33:04 IST" duration-ms="60">
      <class name="testPackage.Day3">
        <test-method is-config="true" signature="firstCenturion()[pri:0, instance:testPackage.Day3@f5acb9d]" started-at="2022-08-16T22:33:04 IST" name="firstCenturion" finished-at="2022-08-16T22:33:04 IST" duration-ms="5" status="PASS">
          <reporter-output>
          </reporter-output>
        </test-method> <!-- firstCenturion -->
        <test-method is-config="true" signature="beforeEveryClass()[pri:0, instance:testPackage.Day3@f5acb9d]" started-at="2022-08-16T22:33:04 IST" name="beforeEveryClass" finished-at="2022-08-16T22:33:04 IST" duration-ms="0" status="PASS">
          <reporter-output>
          </reporter-output>
        </test-method> <!-- beforeEveryClass -->
        <test-method is-config="true" signature="beforeEveryMethod()[pri:0, instance:testPackage.Day3@f5acb9d]" started-at="2022-08-16T22:33:04 IST" name="beforeEveryMethod" finished-at="2022-08-16T22:33:04 IST" duration-ms="0" status="PASS">
          <reporter-output>
          </reporter-output>
        </test-method> <!-- beforeEveryMethod -->
        <test-method signature="mobileLoginCarLoan()[pri:0, instance:testPackage.Day3@f5acb9d]" started-at="2022-08-16T22:33:04 IST" name="mobileLoginCarLoan" finished-at="2022-08-16T22:33:04 IST" duration-ms="9" status="PASS">
          <reporter-output>
          </reporter-output>
        </test-method> <!-- mobileLoginCarLoan -->
        <test-method is-config="true" signature="beforeEveryMethod()[pri:0, instance:testPackage.Day3@f5acb9d]" started-at="2022-08-16T22:33:04 IST" name="beforeEveryMethod" finished-at="2022-08-16T22:33:04 IST" duration-ms="1" status="PASS">
          <reporter-output>
          </reporter-output>
        </test-method> <!-- beforeEveryMethod -->
        <test-method signature="mobileSigninCarLoan(java.lang.String)[pri:0, instance:testPackage.Day3@f5acb9d]" started-at="2022-08-16T22:33:04 IST" name="mobileSigninCarLoan" finished-at="2022-08-16T22:33:04 IST" duration-ms="0" status="PASS">
          <params>
            <param index="0">
              <value>
                <![CDATA[carLoan.com]]>
              </value>
            </param>
          </params>
          <reporter-output>
          </reporter-output>
        </test-method> <!-- mobileSigninCarLoan -->
        <test-method is-config="true" signature="beforeEveryMethod()[pri:0, instance:testPackage.Day3@f5acb9d]" started-at="2022-08-16T22:33:04 IST" name="beforeEveryMethod" finished-at="2022-08-16T22:33:04 IST" duration-ms="1" status="PASS">
          <reporter-output>
          </reporter-output>
        </test-method> <!-- beforeEveryMethod -->
        <test-method signature="mobileSignoutCarLoan(java.lang.String,java.lang.String)[pri:0, instance:testPackage.Day3@f5acb9d]" started-at="2022-08-16T22:33:04 IST" name="mobileSignoutCarLoan" data-provider="getData" finished-at="2022-08-16T22:33:04 IST" duration-ms="1" status="PASS">
          <params>
            <param index="0">
              <value>
                <![CDATA[Viking1]]>
              </value>
            </param>
            <param index="1">
              <value>
                <![CDATA[eagle1]]>
              </value>
            </param>
          </params>
          <reporter-output>
          </reporter-output>
        </test-method> <!-- mobileSignoutCarLoan -->
        <test-method is-config="true" signature="beforeEveryMethod()[pri:0, instance:testPackage.Day3@f5acb9d]" started-at="2022-08-16T22:33:04 IST" name="beforeEveryMethod" finished-at="2022-08-16T22:33:04 IST" duration-ms="1" status="PASS">
          <reporter-output>
          </reporter-output>
        </test-method> <!-- beforeEveryMethod -->
        <test-method signature="mobileSignoutCarLoan(java.lang.String,java.lang.String)[pri:0, instance:testPackage.Day3@f5acb9d]" started-at="2022-08-16T22:33:04 IST" name="mobileSignoutCarLoan" data-provider="getData" finished-at="2022-08-16T22:33:04 IST" duration-ms="1" status="PASS">
          <params>
            <param index="0">
              <value>
                <![CDATA[Viking2]]>
              </value>
            </param>
            <param index="1">
              <value>
                <![CDATA[eagle2]]>
              </value>
            </param>
          </params>
          <reporter-output>
          </reporter-output>
        </test-method> <!-- mobileSignoutCarLoan -->
        <test-method is-config="true" signature="beforeEveryMethod()[pri:0, instance:testPackage.Day3@f5acb9d]" started-at="2022-08-16T22:33:04 IST" name="beforeEveryMethod" finished-at="2022-08-16T22:33:04 IST" duration-ms="0" status="PASS">
          <reporter-output>
          </reporter-output>
        </test-method> <!-- beforeEveryMethod -->
        <test-method signature="mobileSignoutCarLoan(java.lang.String,java.lang.String)[pri:0, instance:testPackage.Day3@f5acb9d]" started-at="2022-08-16T22:33:04 IST" name="mobileSignoutCarLoan" data-provider="getData" finished-at="2022-08-16T22:33:04 IST" duration-ms="0" status="PASS">
          <params>
            <param index="0">
              <value>
                <![CDATA[Viking3]]>
              </value>
            </param>
            <param index="1">
              <value>
                <![CDATA[eagle3]]>
              </value>
            </param>
          </params>
          <reporter-output>
          </reporter-output>
        </test-method> <!-- mobileSignoutCarLoan -->
        <test-method is-config="true" signature="beforeEveryMethod()[pri:0, instance:testPackage.Day3@f5acb9d]" started-at="2022-08-16T22:33:04 IST" name="beforeEveryMethod" finished-at="2022-08-16T22:33:04 IST" duration-ms="0" status="PASS">
          <reporter-output>
          </reporter-output>
        </test-method> <!-- beforeEveryMethod -->
        <test-method signature="webLoginCarLoan()[pri:0, instance:testPackage.Day3@f5acb9d]" started-at="2022-08-16T22:33:04 IST" name="webLoginCarLoan" finished-at="2022-08-16T22:33:04 IST" duration-ms="0" status="PASS">
          <reporter-output>
          </reporter-output>
        </test-method> <!-- webLoginCarLoan -->
        <test-method is-config="true" signature="afterEveryClass()[pri:0, instance:testPackage.Day3@f5acb9d]" started-at="2022-08-16T22:33:04 IST" name="afterEveryClass" finished-at="2022-08-16T22:33:04 IST" duration-ms="0" status="PASS">
          <reporter-output>
          </reporter-output>
        </test-method> <!-- afterEveryClass -->
      </class> <!-- testPackage.Day3 -->
      <class name="testPackage.Day4">
        <test-method is-config="true" signature="lastCenturion()[pri:0, instance:testPackage.Day4@193f604a]" started-at="2022-08-16T22:33:04 IST" name="lastCenturion" finished-at="2022-08-16T22:33:04 IST" duration-ms="0" status="PASS">
          <reporter-output>
          </reporter-output>
        </test-method> <!-- lastCenturion -->
      </class> <!-- testPackage.Day4 -->
    </test> <!-- Car Loan -->
    <test started-at="2022-08-16T22:33:04 IST" name="Personal Loan" finished-at="2022-08-16T22:33:04 IST" duration-ms="54">
      <class name="testPackage.Day1">
        <test-method signature="secondDemo()[pri:0, instance:testPackage.Day1@31e5415e]" started-at="2022-08-16T22:33:04 IST" name="secondDemo" finished-at="2022-08-16T22:33:04 IST" duration-ms="12" status="FAIL">
          <exception class="java.lang.AssertionError">
            <message>
              <![CDATA[expected [false] but found [true]]]>
            </message>
            <full-stacktrace>
              <![CDATA[java.lang.AssertionError: expected [false] but found [true]
at org.testng.Assert.fail(Assert.java:99)
at org.testng.Assert.failNotEquals(Assert.java:1037)
at org.testng.Assert.assertFalse(Assert.java:67)
at org.testng.Assert.assertFalse(Assert.java:77)
at testPackage.Day1.secondDemo(Day1.java:19)
at java.base/jdk.internal.reflect.NativeMethodAccessorImpl.invoke0(Native Method)
at java.base/jdk.internal.reflect.NativeMethodAccessorImpl.invoke(NativeMethodAccessorImpl.java:77)
at java.base/jdk.internal.reflect.DelegatingMethodAccessorImpl.invoke(DelegatingMethodAccessorImpl.java:43)
at java.base/java.lang.reflect.Method.invoke(Method.java:568)
at org.testng.internal.MethodInvocationHelper.invokeMethod(MethodInvocationHelper.java:133)
at org.testng.internal.TestInvoker.invokeMethod(TestInvoker.java:598)
at org.testng.internal.TestInvoker.invokeTestMethod(TestInvoker.java:173)
at org.testng.internal.MethodRunner.runInSequence(MethodRunner.java:46)
at org.testng.internal.TestInvoker$MethodInvocationAgent.invoke(TestInvoker.java:824)
at org.testng.internal.TestInvoker.invokeTestMethods(TestInvoker.java:146)
at org.testng.internal.TestMethodWorker.invokeTestMethods(TestMethodWorker.java:146)
at org.testng.internal.TestMethodWorker.run(TestMethodWorker.java:128)
at java.base/java.util.ArrayList.forEach(ArrayList.java:1511)
at org.testng.TestRunner.privateRun(TestRunner.java:794)
at org.testng.TestRunner.run(TestRunner.java:596)
at org.testng.SuiteRunner.runTest(SuiteRunner.java:377)
at org.testng.SuiteRunner.access$000(SuiteRunner.java:28)
at org.testng.SuiteRunner$SuiteWorker.run(SuiteRunner.java:418)
at org.testng.internal.thread.ThreadUtil.lambda$execute$0(ThreadUtil.java:64)
at java.base/java.util.concurrent.FutureTask.run(FutureTask.java:264)
at java.base/java.util.concurrent.ThreadPoolExecutor.runWorker(ThreadPoolExecutor.java:1136)
at java.base/java.util.concurrent.ThreadPoolExecutor$Worker.run(ThreadPoolExecutor.java:635)
at java.base/java.lang.Thread.run(Thread.java:833)
]]>
            </full-stacktrace>
          </exception> <!-- java.lang.AssertionError -->
          <reporter-output>
          </reporter-output>
        </test-method> <!-- secondDemo -->
        <test-method is-config="true" signature="lastExecution()[pri:0, instance:testPackage.Day1@31e5415e]" started-at="2022-08-16T22:33:04 IST" name="lastExecution" finished-at="2022-08-16T22:33:04 IST" duration-ms="1" status="PASS">
          <reporter-output>
          </reporter-output>
        </test-method> <!-- lastExecution -->
      </class> <!-- testPackage.Day1 -->
      <class name="testPackage.Day2">
        <test-method is-config="true" signature="preRequisite()[pri:0, instance:testPackage.Day2@10163d6]" started-at="2022-08-16T22:33:04 IST" name="preRequisite" finished-at="2022-08-16T22:33:04 IST" duration-ms="0" status="PASS">
          <reporter-output>
          </reporter-output>
        </test-method> <!-- preRequisite -->
        <test-method signature="pLoan()[pri:0, instance:testPackage.Day2@10163d6]" started-at="2022-08-16T22:33:04 IST" name="pLoan" finished-at="2022-08-16T22:33:04 IST" duration-ms="1" status="PASS">
          <reporter-output>
          </reporter-output>
        </test-method> <!-- pLoan -->
        <test-method is-config="true" signature="afterEveryMethod()[pri:0, instance:testPackage.Day2@10163d6]" started-at="2022-08-16T22:33:04 IST" name="afterEveryMethod" finished-at="2022-08-16T22:33:04 IST" duration-ms="0" status="PASS">
          <reporter-output>
          </reporter-output>
        </test-method> <!-- afterEveryMethod -->
      </class> <!-- testPackage.Day2 -->
      <class name="testPackage.Day4">
        <test-method signature="mobileLoginHomeLoan()[pri:0, instance:testPackage.Day4@193f604a]" started-at="2022-08-16T22:33:04 IST" name="mobileLoginHomeLoan" finished-at="2022-08-16T22:33:04 IST" duration-ms="2" status="PASS">
          <reporter-output>
          </reporter-output>
        </test-method> <!-- mobileLoginHomeLoan -->
        <test-method signature="webLoginHomeLoan(java.lang.String,java.lang.String)[pri:0, instance:testPackage.Day4@193f604a]" started-at="2022-08-16T22:33:04 IST" name="webLoginHomeLoan" finished-at="2022-08-16T22:33:04 IST" duration-ms="1" status="PASS">
          <params>
            <param index="0">
              <value>
                <![CDATA[personalLoan.com]]>
              </value>
            </param>
            <param index="1">
              <value>
                <![CDATA[123456]]>
              </value>
            </param>
          </params>
          <reporter-output>
          </reporter-output>
        </test-method> <!-- webLoginHomeLoan -->
      </class> <!-- testPackage.Day4 -->
    </test> <!-- Personal Loan -->
  </suite> <!-- Loan Department -->
</testng-results>
