<?xml version="1.0" encoding="UTF-8"?>
<!-- Generated by org.testng.reporters.JUnitXMLReporter -->
<testsuite ignored="1" hostname="LAPTOP-SAPG2265" failures="0" tests="6" name="Car Loan" time="0.06" errors="0" timestamp="2022-08-16T22:33:04 IST">
  <testcase classname="testPackage.Day3" name="mobileLoginCarLoan" time="0.009"/>
  <testcase classname="testPackage.Day3" name="mobileSigninCarLoan" time="0.0"/>
  <testcase classname="testPackage.Day3" name="mobileSignoutCarLoan" time="0.001"/>
  <testcase classname="testPackage.Day3" name="mobileSignoutCarLoan" time="0.001"/>
  <testcase classname="testPackage.Day3" name="mobileSignoutCarLoan" time="0.0"/>
  <testcase classname="testPackage.Day3" name="webLoginCarLoan" time="0.0"/>
  <testcase classname="testPackage.Day3" name="loginAPICarLoan" time="0.0">
    <ignored/>
  </testcase> <!-- loginAPICarLoan -->
</testsuite> <!-- Car Loan -->
