<?xml version="1.0" encoding="UTF-8"?>
<!-- Generated by org.testng.reporters.JUnitXMLReporter -->
<testsuite ignored="3" hostname="LAPTOP-SAPG2265" failures="0" tests="8" name="Regression" time="0.058" errors="0" timestamp="2022-08-16T17:04:42 IST">
  <testcase classname="testPackage.Day1" name="secondDemo" time="0.005"/>
  <testcase classname="testPackage.Day3" name="loginAPICarLoan" time="0.001"/>
  <testcase classname="testPackage.Day3" name="mobileLoginCarLoan" time="0.002"/>
  <testcase classname="testPackage.Day3" name="mobileSigninCarLoan" time="0.001"/>
  <testcase classname="testPackage.Day3" name="mobileSignoutCarLoan" time="0.003"/>
  <testcase classname="testPackage.Day3" name="webLoginCarLoan" time="0.0"/>
  <testcase classname="testPackage.Day4" name="loginAPIHomeLoan" time="0.0"/>
  <testcase classname="testPackage.Day4" name="webLoginHomeLoan" time="0.0"/>
  <testcase classname="testPackage.Day4" name="mobileLoginHomeLoan" time="0.0">
    <ignored/>
  </testcase> <!-- mobileLoginHomeLoan -->
  <testcase classname="testPackage.Day1" name="demo" time="0.0">
    <ignored/>
  </testcase> <!-- demo -->
  <testcase classname="testPackage.Day2" name="pLoan" time="0.0">
    <ignored/>
  </testcase> <!-- pLoan -->
</testsuite> <!-- Regression -->
